[2025-10-29 14:40:22] local.ERROR: could not find driver (Connection: sqlite, SQL: select exists (select 1 from "main".sqlite_master where name = 'migrations' and type = 'table') as "exists") {"exception":"[object] (Illuminate\\Database\\QueryException(code: 0): could not find driver (Connection: sqlite, SQL: select exists (select 1 from \"main\".sqlite_master where name = 'migrations' and type = 'table') as \"exists\") at /mnt/d/__PROGRAMMING/acme/acme-crud/vendor/laravel/framework/src/Illuminate/Database/Connection.php:824)
[stacktrace]
#0 /mnt/d/__PROGRAMMING/acme/acme-crud/vendor/laravel/framework/src/Illuminate/Database/Connection.php(778): Illuminate\\Database\\Connection->runQueryCallback()
#1 /mnt/d/__PROGRAMMING/acme/acme-crud/vendor/laravel/framework/src/Illuminate/Database/Connection.php(397): Illuminate\\Database\\Connection->run()
#2 /mnt/d/__PROGRAMMING/acme/acme-crud/vendor/laravel/framework/src/Illuminate/Database/Connection.php(343): Illuminate\\Database\\Connection->select()
#3 /mnt/d/__PROGRAMMING/acme/acme-crud/vendor/laravel/framework/src/Illuminate/Database/Connection.php(360): Illuminate\\Database\\Connection->selectOne()
#4 /mnt/d/__PROGRAMMING/acme/acme-crud/vendor/laravel/framework/src/Illuminate/Database/Schema/Builder.php(174): Illuminate\\Database\\Connection->scalar()
#5 /mnt/d/__PROGRAMMING/acme/acme-crud/vendor/laravel/framework/src/Illuminate/Database/Migrations/DatabaseMigrationRepository.php(185): Illuminate\\Database\\Schema\\Builder->hasTable()
#6 /mnt/d/__PROGRAMMING/acme/acme-crud/vendor/laravel/framework/src/Illuminate/Database/Migrations/Migrator.php(753): Illuminate\\Database\\Migrations\\DatabaseMigrationRepository->repositoryExists()
#7 /mnt/d/__PROGRAMMING/acme/acme-crud/vendor/laravel/framework/src/Illuminate/Database/Console/Migrations/MigrateCommand.php(164): Illuminate\\Database\\Migrations\\Migrator->repositoryExists()
#8 /mnt/d/__PROGRAMMING/acme/acme-crud/vendor/laravel/framework/src/Illuminate/Support/helpers.php(329): Illuminate\\Database\\Console\\Migrations\\MigrateCommand->{closure:Illuminate\\Database\\Console\\Migrations\\MigrateCommand::repositoryExists():164}()
#9 /mnt/d/__PROGRAMMING/acme/acme-crud/vendor/laravel/framework/src/Illuminate/Database/Console/Migrations/MigrateCommand.php(164): retry()
#10 /mnt/d/__PROGRAMMING/acme/acme-crud/vendor/laravel/framework/src/Illuminate/Database/Console/Migrations/MigrateCommand.php(140): Illuminate\\Database\\Console\\Migrations\\MigrateCommand->repositoryExists()
#11 /mnt/d/__PROGRAMMING/acme/acme-crud/vendor/laravel/framework/src/Illuminate/Database/Console/Migrations/MigrateCommand.php(110): Illuminate\\Database\\Console\\Migrations\\MigrateCommand->prepareDatabase()
#12 /mnt/d/__PROGRAMMING/acme/acme-crud/vendor/laravel/framework/src/Illuminate/Database/Migrations/Migrator.php(666): Illuminate\\Database\\Console\\Migrations\\MigrateCommand->{closure:Illuminate\\Database\\Console\\Migrations\\MigrateCommand::runMigrations():109}()
#13 /mnt/d/__PROGRAMMING/acme/acme-crud/vendor/laravel/framework/src/Illuminate/Database/Console/Migrations/MigrateCommand.php(109): Illuminate\\Database\\Migrations\\Migrator->usingConnection()
#14 /mnt/d/__PROGRAMMING/acme/acme-crud/vendor/laravel/framework/src/Illuminate/Database/Console/Migrations/MigrateCommand.php(88): Illuminate\\Database\\Console\\Migrations\\MigrateCommand->runMigrations()
#15 /mnt/d/__PROGRAMMING/acme/acme-crud/vendor/laravel/framework/src/Illuminate/Container/BoundMethod.php(36): Illuminate\\Database\\Console\\Migrations\\MigrateCommand->handle()
#16 /mnt/d/__PROGRAMMING/acme/acme-crud/vendor/laravel/framework/src/Illuminate/Container/Util.php(43): Illuminate\\Container\\BoundMethod::{closure:Illuminate\\Container\\BoundMethod::call():35}()
#17 /mnt/d/__PROGRAMMING/acme/acme-crud/vendor/laravel/framework/src/Illuminate/Container/BoundMethod.php(96): Illuminate\\Container\\Util::unwrapIfClosure()
#18 /mnt/d/__PROGRAMMING/acme/acme-crud/vendor/laravel/framework/src/Illuminate/Container/BoundMethod.php(35): Illuminate\\Container\\BoundMethod::callBoundMethod()
#19 /mnt/d/__PROGRAMMING/acme/acme-crud/vendor/laravel/framework/src/Illuminate/Container/Container.php(836): Illuminate\\Container\\BoundMethod::call()
#20 /mnt/d/__PROGRAMMING/acme/acme-crud/vendor/laravel/framework/src/Illuminate/Console/Command.php(211): Illuminate\\Container\\Container->call()
#21 /mnt/d/__PROGRAMMING/acme/acme-crud/vendor/symfony/console/Command/Command.php(318): Illuminate\\Console\\Command->execute()
#22 /mnt/d/__PROGRAMMING/acme/acme-crud/vendor/laravel/framework/src/Illuminate/Console/Command.php(180): Symfony\\Component\\Console\\Command\\Command->run()
#23 /mnt/d/__PROGRAMMING/acme/acme-crud/vendor/symfony/console/Application.php(1073): Illuminate\\Console\\Command->run()
#24 /mnt/d/__PROGRAMMING/acme/acme-crud/vendor/symfony/console/Application.php(356): Symfony\\Component\\Console\\Application->doRunCommand()
#25 /mnt/d/__PROGRAMMING/acme/acme-crud/vendor/symfony/console/Application.php(195): Symfony\\Component\\Console\\Application->doRun()
#26 /mnt/d/__PROGRAMMING/acme/acme-crud/vendor/laravel/framework/src/Illuminate/Foundation/Console/Kernel.php(197): Symfony\\Component\\Console\\Application->run()
#27 /mnt/d/__PROGRAMMING/acme/acme-crud/vendor/laravel/framework/src/Illuminate/Foundation/Application.php(1235): Illuminate\\Foundation\\Console\\Kernel->handle()
#28 /mnt/d/__PROGRAMMING/acme/acme-crud/artisan(16): Illuminate\\Foundation\\Application->handleCommand()
#29 {main}

[previous exception] [object] (PDOException(code: 0): could not find driver at /mnt/d/__PROGRAMMING/acme/acme-crud/vendor/laravel/framework/src/Illuminate/Database/Connectors/Connector.php:67)
[stacktrace]
#0 /mnt/d/__PROGRAMMING/acme/acme-crud/vendor/laravel/framework/src/Illuminate/Database/Connectors/Connector.php(67): PDO::connect()
#1 /mnt/d/__PROGRAMMING/acme/acme-crud/vendor/laravel/framework/src/Illuminate/Database/Connectors/Connector.php(44): Illuminate\\Database\\Connectors\\Connector->createPdoConnection()
#2 /mnt/d/__PROGRAMMING/acme/acme-crud/vendor/laravel/framework/src/Illuminate/Database/Connectors/SQLiteConnector.php(21): Illuminate\\Database\\Connectors\\Connector->createConnection()
#3 /mnt/d/__PROGRAMMING/acme/acme-crud/vendor/laravel/framework/src/Illuminate/Database/Connectors/ConnectionFactory.php(223): Illuminate\\Database\\Connectors\\SQLiteConnector->connect()
#4 [internal function]: Illuminate\\Database\\Connectors\\ConnectionFactory->{closure:Illuminate\\Database\\Connectors\\ConnectionFactory::createPdoResolverWithoutHosts():223}()
#5 /mnt/d/__PROGRAMMING/acme/acme-crud/vendor/laravel/framework/src/Illuminate/Database/Connection.php(1234): call_user_func()
#6 /mnt/d/__PROGRAMMING/acme/acme-crud/vendor/laravel/framework/src/Illuminate/Database/Connection.php(1270): Illuminate\\Database\\Connection->getPdo()
#7 /mnt/d/__PROGRAMMING/acme/acme-crud/vendor/laravel/framework/src/Illuminate/Database/Connection.php(511): Illuminate\\Database\\Connection->getReadPdo()
#8 /mnt/d/__PROGRAMMING/acme/acme-crud/vendor/laravel/framework/src/Illuminate/Database/Connection.php(406): Illuminate\\Database\\Connection->getPdoForSelect()
#9 /mnt/d/__PROGRAMMING/acme/acme-crud/vendor/laravel/framework/src/Illuminate/Database/Connection.php(811): Illuminate\\Database\\Connection->{closure:Illuminate\\Database\\Connection::select():397}()
#10 /mnt/d/__PROGRAMMING/acme/acme-crud/vendor/laravel/framework/src/Illuminate/Database/Connection.php(778): Illuminate\\Database\\Connection->runQueryCallback()
#11 /mnt/d/__PROGRAMMING/acme/acme-crud/vendor/laravel/framework/src/Illuminate/Database/Connection.php(397): Illuminate\\Database\\Connection->run()
#12 /mnt/d/__PROGRAMMING/acme/acme-crud/vendor/laravel/framework/src/Illuminate/Database/Connection.php(343): Illuminate\\Database\\Connection->select()
#13 /mnt/d/__PROGRAMMING/acme/acme-crud/vendor/laravel/framework/src/Illuminate/Database/Connection.php(360): Illuminate\\Database\\Connection->selectOne()
#14 /mnt/d/__PROGRAMMING/acme/acme-crud/vendor/laravel/framework/src/Illuminate/Database/Schema/Builder.php(174): Illuminate\\Database\\Connection->scalar()
#15 /mnt/d/__PROGRAMMING/acme/acme-crud/vendor/laravel/framework/src/Illuminate/Database/Migrations/DatabaseMigrationRepository.php(185): Illuminate\\Database\\Schema\\Builder->hasTable()
#16 /mnt/d/__PROGRAMMING/acme/acme-crud/vendor/laravel/framework/src/Illuminate/Database/Migrations/Migrator.php(753): Illuminate\\Database\\Migrations\\DatabaseMigrationRepository->repositoryExists()
#17 /mnt/d/__PROGRAMMING/acme/acme-crud/vendor/laravel/framework/src/Illuminate/Database/Console/Migrations/MigrateCommand.php(164): Illuminate\\Database\\Migrations\\Migrator->repositoryExists()
#18 /mnt/d/__PROGRAMMING/acme/acme-crud/vendor/laravel/framework/src/Illuminate/Support/helpers.php(329): Illuminate\\Database\\Console\\Migrations\\MigrateCommand->{closure:Illuminate\\Database\\Console\\Migrations\\MigrateCommand::repositoryExists():164}()
#19 /mnt/d/__PROGRAMMING/acme/acme-crud/vendor/laravel/framework/src/Illuminate/Database/Console/Migrations/MigrateCommand.php(164): retry()
#20 /mnt/d/__PROGRAMMING/acme/acme-crud/vendor/laravel/framework/src/Illuminate/Database/Console/Migrations/MigrateCommand.php(140): Illuminate\\Database\\Console\\Migrations\\MigrateCommand->repositoryExists()
#21 /mnt/d/__PROGRAMMING/acme/acme-crud/vendor/laravel/framework/src/Illuminate/Database/Console/Migrations/MigrateCommand.php(110): Illuminate\\Database\\Console\\Migrations\\MigrateCommand->prepareDatabase()
#22 /mnt/d/__PROGRAMMING/acme/acme-crud/vendor/laravel/framework/src/Illuminate/Database/Migrations/Migrator.php(666): Illuminate\\Database\\Console\\Migrations\\MigrateCommand->{closure:Illuminate\\Database\\Console\\Migrations\\MigrateCommand::runMigrations():109}()
#23 /mnt/d/__PROGRAMMING/acme/acme-crud/vendor/laravel/framework/src/Illuminate/Database/Console/Migrations/MigrateCommand.php(109): Illuminate\\Database\\Migrations\\Migrator->usingConnection()
#24 /mnt/d/__PROGRAMMING/acme/acme-crud/vendor/laravel/framework/src/Illuminate/Database/Console/Migrations/MigrateCommand.php(88): Illuminate\\Database\\Console\\Migrations\\MigrateCommand->runMigrations()
#25 /mnt/d/__PROGRAMMING/acme/acme-crud/vendor/laravel/framework/src/Illuminate/Container/BoundMethod.php(36): Illuminate\\Database\\Console\\Migrations\\MigrateCommand->handle()
#26 /mnt/d/__PROGRAMMING/acme/acme-crud/vendor/laravel/framework/src/Illuminate/Container/Util.php(43): Illuminate\\Container\\BoundMethod::{closure:Illuminate\\Container\\BoundMethod::call():35}()
#27 /mnt/d/__PROGRAMMING/acme/acme-crud/vendor/laravel/framework/src/Illuminate/Container/BoundMethod.php(96): Illuminate\\Container\\Util::unwrapIfClosure()
#28 /mnt/d/__PROGRAMMING/acme/acme-crud/vendor/laravel/framework/src/Illuminate/Container/BoundMethod.php(35): Illuminate\\Container\\BoundMethod::callBoundMethod()
#29 /mnt/d/__PROGRAMMING/acme/acme-crud/vendor/laravel/framework/src/Illuminate/Container/Container.php(836): Illuminate\\Container\\BoundMethod::call()
#30 /mnt/d/__PROGRAMMING/acme/acme-crud/vendor/laravel/framework/src/Illuminate/Console/Command.php(211): Illuminate\\Container\\Container->call()
#31 /mnt/d/__PROGRAMMING/acme/acme-crud/vendor/symfony/console/Command/Command.php(318): Illuminate\\Console\\Command->execute()
#32 /mnt/d/__PROGRAMMING/acme/acme-crud/vendor/laravel/framework/src/Illuminate/Console/Command.php(180): Symfony\\Component\\Console\\Command\\Command->run()
#33 /mnt/d/__PROGRAMMING/acme/acme-crud/vendor/symfony/console/Application.php(1073): Illuminate\\Console\\Command->run()
#34 /mnt/d/__PROGRAMMING/acme/acme-crud/vendor/symfony/console/Application.php(356): Symfony\\Component\\Console\\Application->doRunCommand()
#35 /mnt/d/__PROGRAMMING/acme/acme-crud/vendor/symfony/console/Application.php(195): Symfony\\Component\\Console\\Application->doRun()
#36 /mnt/d/__PROGRAMMING/acme/acme-crud/vendor/laravel/framework/src/Illuminate/Foundation/Console/Kernel.php(197): Symfony\\Component\\Console\\Application->run()
#37 /mnt/d/__PROGRAMMING/acme/acme-crud/vendor/laravel/framework/src/Illuminate/Foundation/Application.php(1235): Illuminate\\Foundation\\Console\\Kernel->handle()
#38 /mnt/d/__PROGRAMMING/acme/acme-crud/artisan(16): Illuminate\\Foundation\\Application->handleCommand()
#39 {main}
"} 
